# JRE version: OpenJDK Runtime Environment (11.0.13) (build 11.0.13+0-b1751.21-8125866)
# Java VM: OpenJDK 64-Bit Server VM (11.0.13+0-b1751.21-8125866, mixed mode, tiered, compressed oops, g1 gc, windows-amd64)
Heap:
 garbage-first heap   total 157696K, used 45388K [0x0000000081600000, 0x0000000100000000)
  region size 1024K, 24 young (24576K), 6 survivors (6144K)
 Metaspace       used 50700K, capacity 51182K, committed 51328K, reserved 1093632K
  class space    used 6013K, capacity 6223K, committed 6272K, reserved 1048576K
GC Heap History (10 events):
Event: 1.876 GC heap before
{Heap before GC invocations=0 (full 0):
 garbage-first heap   total 131072K, used 28672K [0x0000000081600000, 0x0000000100000000)
  region size 1024K, 24 young (24576K), 0 survivors (0K)
 Metaspace       used 12019K, capacity 12114K, committed 12416K, reserved 1060864K
  class space    used 1063K, capacity 1077K, committed 1152K, reserved 1048576K
}
Event: 1.889 GC heap after
{Heap after GC invocations=1 (full 0):
 garbage-first heap   total 131072K, used 7547K [0x0000000081600000, 0x0000000100000000)
  region size 1024K, 3 young (3072K), 3 survivors (3072K)
 Metaspace       used 12019K, capacity 12114K, committed 12416K, reserved 1060864K
  class space    used 1063K, capacity 1077K, committed 1152K, reserved 1048576K
}
Event: 3.757 GC heap before
{Heap before GC invocations=1 (full 0):
 garbage-first heap   total 131072K, used 44411K [0x0000000081600000, 0x0000000100000000)
  region size 1024K, 40 young (40960K), 3 survivors (3072K)
 Metaspace       used 21029K, capacity 21249K, committed 21296K, reserved 1069056K
  class space    used 2221K, capacity 2299K, committed 2304K, reserved 1048576K
}
Event: 3.774 GC heap after
{Heap after GC invocations=2 (full 0):
 garbage-first heap   total 131072K, used 11066K [0x0000000081600000, 0x0000000100000000)
  region size 1024K, 7 young (7168K), 7 survivors (7168K)
 Metaspace       used 21029K, capacity 21249K, committed 21296K, reserved 1069056K
  class space    used 2221K, capacity 2299K, committed 2304K, reserved 1048576K
}
Event: 5.849 GC heap before
{Heap before GC invocations=3 (full 0):
 garbage-first heap   total 131072K, used 61242K [0x0000000081600000, 0x0000000100000000)
  region size 1024K, 50 young (51200K), 7 survivors (7168K)
 Metaspace       used 32209K, capacity 32600K, committed 32896K, reserved 1077248K
  class space    used 3993K, capacity 4144K, committed 4224K, reserved 1048576K
}
Event: 5.881 GC heap after
{Heap after GC invocations=4 (full 0):
 garbage-first heap   total 131072K, used 22133K [0x0000000081600000, 0x0000000100000000)
  region size 1024K, 5 young (5120K), 5 survivors (5120K)
 Metaspace       used 32209K, capacity 32600K, committed 32896K, reserved 1077248K
  class space    used 3993K, capacity 4144K, committed 4224K, reserved 1048576K
}
Event: 6.567 GC heap before
{Heap before GC invocations=4 (full 0):
 garbage-first heap   total 131072K, used 37493K [0x0000000081600000, 0x0000000100000000)
  region size 1024K, 21 young (21504K), 5 survivors (5120K)
 Metaspace       used 35347K, capacity 35717K, committed 35840K, reserved 1081344K
  class space    used 4347K, capacity 4501K, committed 4608K, reserved 1048576K
}
Event: 6.587 GC heap after
{Heap after GC invocations=5 (full 0):
 garbage-first heap   total 131072K, used 24407K [0x0000000081600000, 0x0000000100000000)
  region size 1024K, 3 young (3072K), 3 survivors (3072K)
 Metaspace       used 35347K, capacity 35717K, committed 35840K, reserved 1081344K
  class space    used 4347K, capacity 4501K, committed 4608K, reserved 1048576K
}
Event: 8.922 GC heap before
{Heap before GC invocations=6 (full 0):
 garbage-first heap   total 131072K, used 74583K [0x0000000081600000, 0x0000000100000000)
  region size 1024K, 52 young (53248K), 3 survivors (3072K)
 Metaspace       used 46111K, capacity 46596K, committed 46720K, reserved 1089536K
  class space    used 5490K, capacity 5675K, committed 5760K, reserved 1048576K
}
Event: 8.942 GC heap after
{Heap after GC invocations=7 (full 0):
 garbage-first heap   total 157696K, used 27980K [0x0000000081600000, 0x0000000100000000)
  region size 1024K, 6 young (6144K), 6 survivors (6144K)
 Metaspace       used 46111K, capacity 46596K, committed 46720K, reserved 1089536K
  class space    used 5490K, capacity 5675K, committed 5760K, reserved 1048576K
}

